# JRE version: 7.0_17-b02
# Java VM: Java HotSpot(TM) Client VM (23.7-b01 mixed mode, sharing windows-x86 )
Heap
 def new generation   total 4928K, used 698K [0x23890000, 0x23de0000, 0x28de0000)
  eden space 4416K,  15% used [0x23890000, 0x2393d910, 0x23ce0000)
  from space 512K,   0% used [0x23d60000, 0x23d61200, 0x23de0000)
  to   space 512K,   0% used [0x23ce0000, 0x23ce0000, 0x23d60000)
 tenured generation   total 10944K, used 1657K [0x28de0000, 0x29890000, 0x33890000)
   the space 10944K,  15% used [0x28de0000, 0x28f7e408, 0x28f7e600, 0x29890000)
 compacting perm gen  total 12288K, used 2674K [0x33890000, 0x34490000, 0x37890000)
   the space 12288K,  21% used [0x33890000, 0x33b2c950, 0x33b2ca00, 0x34490000)
    ro space 10240K,  42% used [0x37890000, 0x37cd1d60, 0x37cd1e00, 0x38290000)
    rw space 12288K,  54% used [0x38290000, 0x38912928, 0x38912a00, 0x38e90000)
GC Heap History (10 events):
Event: 105.838 GC heap before
{Heap before GC invocations=40 (full 0):
 def new generation   total 4928K, used 4423K [0x23890000, 0x23de0000, 0x28de0000)
  eden space 4416K, 100% used [0x23890000, 0x23ce0000, 0x23ce0000)
  from space 512K,   1% used [0x23ce0000, 0x23ce1d40, 0x23d60000)
  to   space 512K,   0% used [0x23d60000, 0x23d60000, 0x23de0000)
 tenured generation   total 10944K, used 1656K [0x28de0000, 0x29890000, 0x33890000)
   the space 10944K,  15% used [0x28de0000, 0x28f7e328, 0x28f7e400, 0x29890000)
 compacting perm gen  total 12288K, used 2665K [0x33890000, 0x34490000, 0x37890000)
   the space 12288K,  21% used [0x33890000, 0x33b2a660, 0x33b2a800, 0x34490000)
    ro space 10240K,  42% used [0x37890000, 0x37cd1d60, 0x37cd1e00, 0x38290000)
    rw space 12288K,  54% used [0x38290000, 0x38912928, 0x38912a00, 0x38e90000)
Event: 105.839 GC heap after
Heap after GC invocations=41 (full 0):
 def new generation   total 4928K, used 7K [0x23890000, 0x23de0000, 0x28de0000)
  eden space 4416K,   0% used [0x23890000, 0x23890000, 0x23ce0000)
  from space 512K,   1% used [0x23d60000, 0x23d61e38, 0x23de0000)
  to   space 512K,   0% used [0x23ce0000, 0x23ce0000, 0x23d60000)
 tenured generation   total 10944K, used 1656K [0x28de0000, 0x29890000, 0x33890000)
   the space 10944K,  15% used [0x28de0000, 0x28f7e328, 0x28f7e400, 0x29890000)
 compacting perm gen  total 12288K, used 2665K [0x33890000, 0x34490000, 0x37890000)
   the space 12288K,  21% used [0x33890000, 0x33b2a660, 0x33b2a800, 0x34490000)
    ro space 10240K,  42% used [0x37890000, 0x37cd1d60, 0x37cd1e00, 0x38290000)
    rw space 12288K,  54% used [0x38290000, 0x38912928, 0x38912a00, 0x38e90000)
}
Event: 105.862 GC heap before
{Heap before GC invocations=41 (full 0):
 def new generation   total 4928K, used 4423K [0x23890000, 0x23de0000, 0x28de0000)
  eden space 4416K, 100% used [0x23890000, 0x23ce0000, 0x23ce0000)
  from space 512K,   1% used [0x23d60000, 0x23d61e38, 0x23de0000)
  to   space 512K,   0% used [0x23ce0000, 0x23ce0000, 0x23d60000)
 tenured generation   total 10944K, used 1656K [0x28de0000, 0x29890000, 0x33890000)
   the space 10944K,  15% used [0x28de0000, 0x28f7e328, 0x28f7e400, 0x29890000)
 compacting perm gen  total 12288K, used 2665K [0x33890000, 0x34490000, 0x37890000)
   the space 12288K,  21% used [0x33890000, 0x33b2a660, 0x33b2a800, 0x34490000)
    ro space 10240K,  42% used [0x37890000, 0x37cd1d60, 0x37cd1e00, 0x38290000)
    rw space 12288K,  54% used [0x38290000, 0x38912928, 0x38912a00, 0x38e90000)
Event: 105.863 GC heap after
Heap after GC invocations=42 (full 0):
 def new generation   total 4928K, used 7K [0x23890000, 0x23de0000, 0x28de0000)
  eden space 4416K,   0% used [0x23890000, 0x23890000, 0x23ce0000)
  from space 512K,   1% used [0x23ce0000, 0x23ce1e98, 0x23d60000)
  to   space 512K,   0% used [0x23d60000, 0x23d60000, 0x23de0000)
 tenured generation   total 10944K, used 1656K [0x28de0000, 0x29890000, 0x33890000)
   the space 10944K,  15% used [0x28de0000, 0x28f7e328, 0x28f7e400, 0x29890000)
 compacting perm gen  total 12288K, used 2665K [0x33890000, 0x34490000, 0x37890000)
   the space 12288K,  21% used [0x33890000, 0x33b2a660, 0x33b2a800, 0x34490000)
    ro space 10240K,  42% used [0x37890000, 0x37cd1d60, 0x37cd1e00, 0x38290000)
    rw space 12288K,  54% used [0x38290000, 0x38912928, 0x38912a00, 0x38e90000)
}
Event: 523.560 GC heap before
{Heap before GC invocations=42 (full 0):
 def new generation   total 4928K, used 4423K [0x23890000, 0x23de0000, 0x28de0000)
  eden space 4416K, 100% used [0x23890000, 0x23ce0000, 0x23ce0000)
  from space 512K,   1% used [0x23ce0000, 0x23ce1e98, 0x23d60000)
  to   space 512K,   0% used [0x23d60000, 0x23d60000, 0x23de0000)
 tenured generation   total 10944K, used 1656K [0x28de0000, 0x29890000, 0x33890000)
   the space 10944K,  15% used [0x28de0000, 0x28f7e328, 0x28f7e400, 0x29890000)
 compacting perm gen  total 12288K, used 2665K [0x33890000, 0x34490000, 0x37890000)
   the space 12288K,  21% used [0x33890000, 0x33b2a660, 0x33b2a800, 0x34490000)
    ro space 10240K,  42% used [0x37890000, 0x37cd1d60, 0x37cd1e00, 0x38290000)
    rw space 12288K,  54% used [0x38290000, 0x38912928, 0x38912a00, 0x38e90000)
Event: 523.560 GC heap after
Heap after GC invocations=43 (full 0):
 def new generation   total 4928K, used 7K [0x23890000, 0x23de0000, 0x28de0000)
  eden space 4416K,   0% used [0x23890000, 0x23890000, 0x23ce0000)
  from space 512K,   1% used [0x23d60000, 0x23d61f78, 0x23de0000)
  to   space 512K,   0% used [0x23ce0000, 0x23ce0000, 0x23d60000)
 tenured generation   total 10944K, used 1656K [0x28de0000, 0x29890000, 0x33890000)
   the space 10944K,  15% used [0x28de0000, 0x28f7e328, 0x28f7e400, 0x29890000)
 compacting perm gen  total 12288K, used 2665K [0x33890000, 0x34490000, 0x37890000)
   the space 12288K,  21% used [0x33890000, 0x33b2a660, 0x33b2a800, 0x34490000)
    ro space 10240K,  42% used [0x37890000, 0x37cd1d60, 0x37cd1e00, 0x38290000)
    rw space 12288K,  54% used [0x38290000, 0x38912928, 0x38912a00, 0x38e90000)
}
Event: 523.584 GC heap before
{Heap before GC invocations=43 (full 0):
 def new generation   total 4928K, used 4423K [0x23890000, 0x23de0000, 0x28de0000)
  eden space 4416K, 100% used [0x23890000, 0x23ce0000, 0x23ce0000)
  from space 512K,   1% used [0x23d60000, 0x23d61f78, 0x23de0000)
  to   space 512K,   0% used [0x23ce0000, 0x23ce0000, 0x23d60000)
 tenured generation   total 10944K, used 1656K [0x28de0000, 0x29890000, 0x33890000)
   the space 10944K,  15% used [0x28de0000, 0x28f7e328, 0x28f7e400, 0x29890000)
 compacting perm gen  total 12288K, used 2665K [0x33890000, 0x34490000, 0x37890000)
   the space 12288K,  21% used [0x33890000, 0x33b2a660, 0x33b2a800, 0x34490000)
    ro space 10240K,  42% used [0x37890000, 0x37cd1d60, 0x37cd1e00, 0x38290000)
    rw space 12288K,  54% used [0x38290000, 0x38912928, 0x38912a00, 0x38e90000)
Event: 523.585 GC heap after
Heap after GC invocations=44 (full 0):
 def new generation   total 4928K, used 7K [0x23890000, 0x23de0000, 0x28de0000)
  eden space 4416K,   0% used [0x23890000, 0x23890000, 0x23ce0000)
  from space 512K,   1% used [0x23ce0000, 0x23ce1f28, 0x23d60000)
  to   space 512K,   0% used [0x23d60000, 0x23d60000, 0x23de0000)
 tenured generation   total 10944K, used 1656K [0x28de0000, 0x29890000, 0x33890000)
   the space 10944K,  15% used [0x28de0000, 0x28f7e328, 0x28f7e400, 0x29890000)
 compacting perm gen  total 12288K, used 2665K [0x33890000, 0x34490000, 0x37890000)
   the space 12288K,  21% used [0x33890000, 0x33b2a660, 0x33b2a800, 0x34490000)
    ro space 10240K,  42% used [0x37890000, 0x37cd1d60, 0x37cd1e00, 0x38290000)
    rw space 12288K,  54% used [0x38290000, 0x38912928, 0x38912a00, 0x38e90000)
}
Event: 530.470 GC heap before
{Heap before GC invocations=44 (full 0):
 def new generation   total 4928K, used 4423K [0x23890000, 0x23de0000, 0x28de0000)
  eden space 4416K, 100% used [0x23890000, 0x23ce0000, 0x23ce0000)
  from space 512K,   1% used [0x23ce0000, 0x23ce1f28, 0x23d60000)
  to   space 512K,   0% used [0x23d60000, 0x23d60000, 0x23de0000)
 tenured generation   total 10944K, used 1656K [0x28de0000, 0x29890000, 0x33890000)
   the space 10944K,  15% used [0x28de0000, 0x28f7e328, 0x28f7e400, 0x29890000)
 compacting perm gen  total 12288K, used 2665K [0x33890000, 0x34490000, 0x37890000)
   the space 12288K,  21% used [0x33890000, 0x33b2a680, 0x33b2a800, 0x34490000)
    ro space 10240K,  42% used [0x37890000, 0x37cd1d60, 0x37cd1e00, 0x38290000)
    rw space 12288K,  54% used [0x38290000, 0x38912928, 0x38912a00, 0x38e90000)
Event: 530.471 GC heap after
Heap after GC invocations=45 (full 0):
 def new generation   total 4928K, used 4K [0x23890000, 0x23de0000, 0x28de0000)
  eden space 4416K,   0% used [0x23890000, 0x23890000, 0x23ce0000)
  from space 512K,   0% used [0x23d60000, 0x23d61200, 0x23de0000)
  to   space 512K,   0% used [0x23ce0000, 0x23ce0000, 0x23d60000)
 tenured generation   total 10944K, used 1657K [0x28de0000, 0x29890000, 0x33890000)
   the space 10944K,  15% used [0x28de0000, 0x28f7e408, 0x28f7e600, 0x29890000)
 compacting perm gen  total 12288K, used 2665K [0x33890000, 0x34490000, 0x37890000)
   the space 12288K,  21% used [0x33890000, 0x33b2a680, 0x33b2a800, 0x34490000)
    ro space 10240K,  42% used [0x37890000, 0x37cd1d60, 0x37cd1e00, 0x38290000)
    rw space 12288K,  54% used [0x38290000, 0x38912928, 0x38912a00, 0x38e90000)
}

