# JRE version: 7.0_17-b02
# Java VM: Java HotSpot(TM) Client VM (23.7-b01 mixed mode, sharing windows-x86 )
Heap
 def new generation   total 4928K, used 3223K [0x23890000, 0x23de0000, 0x28de0000)
  eden space 4416K,  72% used [0x23890000, 0x23bb3ef0, 0x23ce0000)
  from space 512K,   1% used [0x23ce0000, 0x23ce2060, 0x23d60000)
  to   space 512K,   0% used [0x23d60000, 0x23d60000, 0x23de0000)
 tenured generation   total 10944K, used 1627K [0x28de0000, 0x29890000, 0x33890000)
   the space 10944K,  14% used [0x28de0000, 0x28f76fd8, 0x28f77000, 0x29890000)
 compacting perm gen  total 12288K, used 2654K [0x33890000, 0x34490000, 0x37890000)
   the space 12288K,  21% used [0x33890000, 0x33b27ae0, 0x33b27c00, 0x34490000)
    ro space 10240K,  42% used [0x37890000, 0x37cd1d60, 0x37cd1e00, 0x38290000)
    rw space 12288K,  54% used [0x38290000, 0x38912928, 0x38912a00, 0x38e90000)
GC Heap History (10 events):
Event: 390.710 GC heap before
{Heap before GC invocations=37 (full 0):
 def new generation   total 4928K, used 4424K [0x23890000, 0x23de0000, 0x28de0000)
  eden space 4416K, 100% used [0x23890000, 0x23ce0000, 0x23ce0000)
  from space 512K,   1% used [0x23d60000, 0x23d62310, 0x23de0000)
  to   space 512K,   0% used [0x23ce0000, 0x23ce0000, 0x23d60000)
 tenured generation   total 10944K, used 1627K [0x28de0000, 0x29890000, 0x33890000)
   the space 10944K,  14% used [0x28de0000, 0x28f76fd8, 0x28f77000, 0x29890000)
 compacting perm gen  total 12288K, used 2645K [0x33890000, 0x34490000, 0x37890000)
   the space 12288K,  21% used [0x33890000, 0x33b257f0, 0x33b25800, 0x34490000)
    ro space 10240K,  42% used [0x37890000, 0x37cd1d60, 0x37cd1e00, 0x38290000)
    rw space 12288K,  54% used [0x38290000, 0x38912928, 0x38912a00, 0x38e90000)
Event: 390.711 GC heap after
Heap after GC invocations=38 (full 0):
 def new generation   total 4928K, used 8K [0x23890000, 0x23de0000, 0x28de0000)
  eden space 4416K,   0% used [0x23890000, 0x23890000, 0x23ce0000)
  from space 512K,   1% used [0x23ce0000, 0x23ce23d0, 0x23d60000)
  to   space 512K,   0% used [0x23d60000, 0x23d60000, 0x23de0000)
 tenured generation   total 10944K, used 1627K [0x28de0000, 0x29890000, 0x33890000)
   the space 10944K,  14% used [0x28de0000, 0x28f76fd8, 0x28f77000, 0x29890000)
 compacting perm gen  total 12288K, used 2645K [0x33890000, 0x34490000, 0x37890000)
   the space 12288K,  21% used [0x33890000, 0x33b257f0, 0x33b25800, 0x34490000)
    ro space 10240K,  42% used [0x37890000, 0x37cd1d60, 0x37cd1e00, 0x38290000)
    rw space 12288K,  54% used [0x38290000, 0x38912928, 0x38912a00, 0x38e90000)
}
Event: 390.734 GC heap before
{Heap before GC invocations=38 (full 0):
 def new generation   total 4928K, used 4424K [0x23890000, 0x23de0000, 0x28de0000)
  eden space 4416K, 100% used [0x23890000, 0x23ce0000, 0x23ce0000)
  from space 512K,   1% used [0x23ce0000, 0x23ce23d0, 0x23d60000)
  to   space 512K,   0% used [0x23d60000, 0x23d60000, 0x23de0000)
 tenured generation   total 10944K, used 1627K [0x28de0000, 0x29890000, 0x33890000)
   the space 10944K,  14% used [0x28de0000, 0x28f76fd8, 0x28f77000, 0x29890000)
 compacting perm gen  total 12288K, used 2645K [0x33890000, 0x34490000, 0x37890000)
   the space 12288K,  21% used [0x33890000, 0x33b257f0, 0x33b25800, 0x34490000)
    ro space 10240K,  42% used [0x37890000, 0x37cd1d60, 0x37cd1e00, 0x38290000)
    rw space 12288K,  54% used [0x38290000, 0x38912928, 0x38912a00, 0x38e90000)
Event: 390.734 GC heap after
Heap after GC invocations=39 (full 0):
 def new generation   total 4928K, used 8K [0x23890000, 0x23de0000, 0x28de0000)
  eden space 4416K,   0% used [0x23890000, 0x23890000, 0x23ce0000)
  from space 512K,   1% used [0x23d60000, 0x23d62338, 0x23de0000)
  to   space 512K,   0% used [0x23ce0000, 0x23ce0000, 0x23d60000)
 tenured generation   total 10944K, used 1627K [0x28de0000, 0x29890000, 0x33890000)
   the space 10944K,  14% used [0x28de0000, 0x28f76fd8, 0x28f77000, 0x29890000)
 compacting perm gen  total 12288K, used 2645K [0x33890000, 0x34490000, 0x37890000)
   the space 12288K,  21% used [0x33890000, 0x33b257f0, 0x33b25800, 0x34490000)
    ro space 10240K,  42% used [0x37890000, 0x37cd1d60, 0x37cd1e00, 0x38290000)
    rw space 12288K,  54% used [0x38290000, 0x38912928, 0x38912a00, 0x38e90000)
}
Event: 390.748 GC heap before
{Heap before GC invocations=39 (full 0):
 def new generation   total 4928K, used 4424K [0x23890000, 0x23de0000, 0x28de0000)
  eden space 4416K, 100% used [0x23890000, 0x23ce0000, 0x23ce0000)
  from space 512K,   1% used [0x23d60000, 0x23d62338, 0x23de0000)
  to   space 512K,   0% used [0x23ce0000, 0x23ce0000, 0x23d60000)
 tenured generation   total 10944K, used 1627K [0x28de0000, 0x29890000, 0x33890000)
   the space 10944K,  14% used [0x28de0000, 0x28f76fd8, 0x28f77000, 0x29890000)
 compacting perm gen  total 12288K, used 2645K [0x33890000, 0x34490000, 0x37890000)
   the space 12288K,  21% used [0x33890000, 0x33b257f0, 0x33b25800, 0x34490000)
    ro space 10240K,  42% used [0x37890000, 0x37cd1d60, 0x37cd1e00, 0x38290000)
    rw space 12288K,  54% used [0x38290000, 0x38912928, 0x38912a00, 0x38e90000)
Event: 390.749 GC heap after
Heap after GC invocations=40 (full 0):
 def new generation   total 4928K, used 9K [0x23890000, 0x23de0000, 0x28de0000)
  eden space 4416K,   0% used [0x23890000, 0x23890000, 0x23ce0000)
  from space 512K,   1% used [0x23ce0000, 0x23ce25c8, 0x23d60000)
  to   space 512K,   0% used [0x23d60000, 0x23d60000, 0x23de0000)
 tenured generation   total 10944K, used 1627K [0x28de0000, 0x29890000, 0x33890000)
   the space 10944K,  14% used [0x28de0000, 0x28f76fd8, 0x28f77000, 0x29890000)
 compacting perm gen  total 12288K, used 2645K [0x33890000, 0x34490000, 0x37890000)
   the space 12288K,  21% used [0x33890000, 0x33b257f0, 0x33b25800, 0x34490000)
    ro space 10240K,  42% used [0x37890000, 0x37cd1d60, 0x37cd1e00, 0x38290000)
    rw space 12288K,  54% used [0x38290000, 0x38912928, 0x38912a00, 0x38e90000)
}
Event: 391.991 GC heap before
{Heap before GC invocations=40 (full 0):
 def new generation   total 4928K, used 4425K [0x23890000, 0x23de0000, 0x28de0000)
  eden space 4416K, 100% used [0x23890000, 0x23ce0000, 0x23ce0000)
  from space 512K,   1% used [0x23ce0000, 0x23ce25c8, 0x23d60000)
  to   space 512K,   0% used [0x23d60000, 0x23d60000, 0x23de0000)
 tenured generation   total 10944K, used 1627K [0x28de0000, 0x29890000, 0x33890000)
   the space 10944K,  14% used [0x28de0000, 0x28f76fd8, 0x28f77000, 0x29890000)
 compacting perm gen  total 12288K, used 2646K [0x33890000, 0x34490000, 0x37890000)
   the space 12288K,  21% used [0x33890000, 0x33b25830, 0x33b25a00, 0x34490000)
    ro space 10240K,  42% used [0x37890000, 0x37cd1d60, 0x37cd1e00, 0x38290000)
    rw space 12288K,  54% used [0x38290000, 0x38912928, 0x38912a00, 0x38e90000)
Event: 391.992 GC heap after
Heap after GC invocations=41 (full 0):
 def new generation   total 4928K, used 8K [0x23890000, 0x23de0000, 0x28de0000)
  eden space 4416K,   0% used [0x23890000, 0x23890000, 0x23ce0000)
  from space 512K,   1% used [0x23d60000, 0x23d62210, 0x23de0000)
  to   space 512K,   0% used [0x23ce0000, 0x23ce0000, 0x23d60000)
 tenured generation   total 10944K, used 1627K [0x28de0000, 0x29890000, 0x33890000)
   the space 10944K,  14% used [0x28de0000, 0x28f76fd8, 0x28f77000, 0x29890000)
 compacting perm gen  total 12288K, used 2646K [0x33890000, 0x34490000, 0x37890000)
   the space 12288K,  21% used [0x33890000, 0x33b25830, 0x33b25a00, 0x34490000)
    ro space 10240K,  42% used [0x37890000, 0x37cd1d60, 0x37cd1e00, 0x38290000)
    rw space 12288K,  54% used [0x38290000, 0x38912928, 0x38912a00, 0x38e90000)
}
Event: 392.015 GC heap before
{Heap before GC invocations=41 (full 0):
 def new generation   total 4928K, used 4424K [0x23890000, 0x23de0000, 0x28de0000)
  eden space 4416K, 100% used [0x23890000, 0x23ce0000, 0x23ce0000)
  from space 512K,   1% used [0x23d60000, 0x23d62210, 0x23de0000)
  to   space 512K,   0% used [0x23ce0000, 0x23ce0000, 0x23d60000)
 tenured generation   total 10944K, used 1627K [0x28de0000, 0x29890000, 0x33890000)
   the space 10944K,  14% used [0x28de0000, 0x28f76fd8, 0x28f77000, 0x29890000)
 compacting perm gen  total 12288K, used 2646K [0x33890000, 0x34490000, 0x37890000)
   the space 12288K,  21% used [0x33890000, 0x33b25830, 0x33b25a00, 0x34490000)
    ro space 10240K,  42% used [0x37890000, 0x37cd1d60, 0x37cd1e00, 0x38290000)
    rw space 12288K,  54% used [0x38290000, 0x38912928, 0x38912a00, 0x38e90000)
Event: 392.015 GC heap after
Heap after GC invocations=42 (full 0):
 def new generation   total 4928K, used 8K [0x23890000, 0x23de0000, 0x28de0000)
  eden space 4416K,   0% used [0x23890000, 0x23890000, 0x23ce0000)
  from space 512K,   1% used [0x23ce0000, 0x23ce2060, 0x23d60000)
  to   space 512K,   0% used [0x23d60000, 0x23d60000, 0x23de0000)
 tenured generation   total 10944K, used 1627K [0x28de0000, 0x29890000, 0x33890000)
   the space 10944K,  14% used [0x28de0000, 0x28f76fd8, 0x28f77000, 0x29890000)
 compacting perm gen  total 12288K, used 2646K [0x33890000, 0x34490000, 0x37890000)
   the space 12288K,  21% used [0x33890000, 0x33b25830, 0x33b25a00, 0x34490000)
    ro space 10240K,  42% used [0x37890000, 0x37cd1d60, 0x37cd1e00, 0x38290000)
    rw space 12288K,  54% used [0x38290000, 0x38912928, 0x38912a00, 0x38e90000)
}

