# JRE version: 7.0_17-b02
# Java VM: Java HotSpot(TM) Client VM (23.7-b01 mixed mode, sharing windows-x86 )
Heap
 def new generation   total 4928K, used 3736K [0x23890000, 0x23de0000, 0x28de0000)
  eden space 4416K,  81% used [0x23890000, 0x23c0edc8, 0x23ce0000)
  from space 512K,  30% used [0x23d60000, 0x23d874e8, 0x23de0000)
  to   space 512K,   0% used [0x23ce0000, 0x23ce0000, 0x23d60000)
 tenured generation   total 10944K, used 1489K [0x28de0000, 0x29890000, 0x33890000)
   the space 10944K,  13% used [0x28de0000, 0x28f544a0, 0x28f54600, 0x29890000)
 compacting perm gen  total 12288K, used 2646K [0x33890000, 0x34490000, 0x37890000)
   the space 12288K,  21% used [0x33890000, 0x33b25bd0, 0x33b25c00, 0x34490000)
    ro space 10240K,  42% used [0x37890000, 0x37cd1d60, 0x37cd1e00, 0x38290000)
    rw space 12288K,  54% used [0x38290000, 0x38912928, 0x38912a00, 0x38e90000)
GC Heap History (10 events):
Event: 9.530 GC heap before
{Heap before GC invocations=8 (full 0):
 def new generation   total 4928K, used 4567K [0x23890000, 0x23de0000, 0x28de0000)
  eden space 4416K, 100% used [0x23890000, 0x23ce0000, 0x23ce0000)
  from space 512K,  29% used [0x23ce0000, 0x23d05e38, 0x23d60000)
  to   space 512K,   0% used [0x23d60000, 0x23d60000, 0x23de0000)
 tenured generation   total 10944K, used 1489K [0x28de0000, 0x29890000, 0x33890000)
   the space 10944K,  13% used [0x28de0000, 0x28f544a0, 0x28f54600, 0x29890000)
 compacting perm gen  total 12288K, used 2605K [0x33890000, 0x34490000, 0x37890000)
   the space 12288K,  21% used [0x33890000, 0x33b1b488, 0x33b1b600, 0x34490000)
    ro space 10240K,  42% used [0x37890000, 0x37cd1d60, 0x37cd1e00, 0x38290000)
    rw space 12288K,  54% used [0x38290000, 0x38912928, 0x38912a00, 0x38e90000)
Event: 9.531 GC heap after
Heap after GC invocations=9 (full 0):
 def new generation   total 4928K, used 152K [0x23890000, 0x23de0000, 0x28de0000)
  eden space 4416K,   0% used [0x23890000, 0x23890000, 0x23ce0000)
  from space 512K,  29% used [0x23d60000, 0x23d86220, 0x23de0000)
  to   space 512K,   0% used [0x23ce0000, 0x23ce0000, 0x23d60000)
 tenured generation   total 10944K, used 1489K [0x28de0000, 0x29890000, 0x33890000)
   the space 10944K,  13% used [0x28de0000, 0x28f544a0, 0x28f54600, 0x29890000)
 compacting perm gen  total 12288K, used 2605K [0x33890000, 0x34490000, 0x37890000)
   the space 12288K,  21% used [0x33890000, 0x33b1b488, 0x33b1b600, 0x34490000)
    ro space 10240K,  42% used [0x37890000, 0x37cd1d60, 0x37cd1e00, 0x38290000)
    rw space 12288K,  54% used [0x38290000, 0x38912928, 0x38912a00, 0x38e90000)
}
Event: 9.547 GC heap before
{Heap before GC invocations=9 (full 0):
 def new generation   total 4928K, used 4568K [0x23890000, 0x23de0000, 0x28de0000)
  eden space 4416K, 100% used [0x23890000, 0x23ce0000, 0x23ce0000)
  from space 512K,  29% used [0x23d60000, 0x23d86220, 0x23de0000)
  to   space 512K,   0% used [0x23ce0000, 0x23ce0000, 0x23d60000)
 tenured generation   total 10944K, used 1489K [0x28de0000, 0x29890000, 0x33890000)
   the space 10944K,  13% used [0x28de0000, 0x28f544a0, 0x28f54600, 0x29890000)
 compacting perm gen  total 12288K, used 2605K [0x33890000, 0x34490000, 0x37890000)
   the space 12288K,  21% used [0x33890000, 0x33b1b488, 0x33b1b600, 0x34490000)
    ro space 10240K,  42% used [0x37890000, 0x37cd1d60, 0x37cd1e00, 0x38290000)
    rw space 12288K,  54% used [0x38290000, 0x38912928, 0x38912a00, 0x38e90000)
Event: 9.547 GC heap after
Heap after GC invocations=10 (full 0):
 def new generation   total 4928K, used 150K [0x23890000, 0x23de0000, 0x28de0000)
  eden space 4416K,   0% used [0x23890000, 0x23890000, 0x23ce0000)
  from space 512K,  29% used [0x23ce0000, 0x23d05bd8, 0x23d60000)
  to   space 512K,   0% used [0x23d60000, 0x23d60000, 0x23de0000)
 tenured generation   total 10944K, used 1489K [0x28de0000, 0x29890000, 0x33890000)
   the space 10944K,  13% used [0x28de0000, 0x28f544a0, 0x28f54600, 0x29890000)
 compacting perm gen  total 12288K, used 2605K [0x33890000, 0x34490000, 0x37890000)
   the space 12288K,  21% used [0x33890000, 0x33b1b488, 0x33b1b600, 0x34490000)
    ro space 10240K,  42% used [0x37890000, 0x37cd1d60, 0x37cd1e00, 0x38290000)
    rw space 12288K,  54% used [0x38290000, 0x38912928, 0x38912a00, 0x38e90000)
}
Event: 11.948 GC heap before
{Heap before GC invocations=10 (full 0):
 def new generation   total 4928K, used 4566K [0x23890000, 0x23de0000, 0x28de0000)
  eden space 4416K, 100% used [0x23890000, 0x23ce0000, 0x23ce0000)
  from space 512K,  29% used [0x23ce0000, 0x23d05bd8, 0x23d60000)
  to   space 512K,   0% used [0x23d60000, 0x23d60000, 0x23de0000)
 tenured generation   total 10944K, used 1489K [0x28de0000, 0x29890000, 0x33890000)
   the space 10944K,  13% used [0x28de0000, 0x28f544a0, 0x28f54600, 0x29890000)
 compacting perm gen  total 12288K, used 2633K [0x33890000, 0x34490000, 0x37890000)
   the space 12288K,  21% used [0x33890000, 0x33b22778, 0x33b22800, 0x34490000)
    ro space 10240K,  42% used [0x37890000, 0x37cd1d60, 0x37cd1e00, 0x38290000)
    rw space 12288K,  54% used [0x38290000, 0x38912928, 0x38912a00, 0x38e90000)
Event: 11.950 GC heap after
Heap after GC invocations=11 (full 0):
 def new generation   total 4928K, used 157K [0x23890000, 0x23de0000, 0x28de0000)
  eden space 4416K,   0% used [0x23890000, 0x23890000, 0x23ce0000)
  from space 512K,  30% used [0x23d60000, 0x23d876e8, 0x23de0000)
  to   space 512K,   0% used [0x23ce0000, 0x23ce0000, 0x23d60000)
 tenured generation   total 10944K, used 1489K [0x28de0000, 0x29890000, 0x33890000)
   the space 10944K,  13% used [0x28de0000, 0x28f544a0, 0x28f54600, 0x29890000)
 compacting perm gen  total 12288K, used 2633K [0x33890000, 0x34490000, 0x37890000)
   the space 12288K,  21% used [0x33890000, 0x33b22778, 0x33b22800, 0x34490000)
    ro space 10240K,  42% used [0x37890000, 0x37cd1d60, 0x37cd1e00, 0x38290000)
    rw space 12288K,  54% used [0x38290000, 0x38912928, 0x38912a00, 0x38e90000)
}
Event: 11.970 GC heap before
{Heap before GC invocations=11 (full 0):
 def new generation   total 4928K, used 4573K [0x23890000, 0x23de0000, 0x28de0000)
  eden space 4416K, 100% used [0x23890000, 0x23ce0000, 0x23ce0000)
  from space 512K,  30% used [0x23d60000, 0x23d876e8, 0x23de0000)
  to   space 512K,   0% used [0x23ce0000, 0x23ce0000, 0x23d60000)
 tenured generation   total 10944K, used 1489K [0x28de0000, 0x29890000, 0x33890000)
   the space 10944K,  13% used [0x28de0000, 0x28f544a0, 0x28f54600, 0x29890000)
 compacting perm gen  total 12288K, used 2633K [0x33890000, 0x34490000, 0x37890000)
   the space 12288K,  21% used [0x33890000, 0x33b22778, 0x33b22800, 0x34490000)
    ro space 10240K,  42% used [0x37890000, 0x37cd1d60, 0x37cd1e00, 0x38290000)
    rw space 12288K,  54% used [0x38290000, 0x38912928, 0x38912a00, 0x38e90000)
Event: 11.971 GC heap after
Heap after GC invocations=12 (full 0):
 def new generation   total 4928K, used 157K [0x23890000, 0x23de0000, 0x28de0000)
  eden space 4416K,   0% used [0x23890000, 0x23890000, 0x23ce0000)
  from space 512K,  30% used [0x23ce0000, 0x23d07438, 0x23d60000)
  to   space 512K,   0% used [0x23d60000, 0x23d60000, 0x23de0000)
 tenured generation   total 10944K, used 1489K [0x28de0000, 0x29890000, 0x33890000)
   the space 10944K,  13% used [0x28de0000, 0x28f544a0, 0x28f54600, 0x29890000)
 compacting perm gen  total 12288K, used 2633K [0x33890000, 0x34490000, 0x37890000)
   the space 12288K,  21% used [0x33890000, 0x33b22778, 0x33b22800, 0x34490000)
    ro space 10240K,  42% used [0x37890000, 0x37cd1d60, 0x37cd1e00, 0x38290000)
    rw space 12288K,  54% used [0x38290000, 0x38912928, 0x38912a00, 0x38e90000)
}
Event: 11.985 GC heap before
{Heap before GC invocations=12 (full 0):
 def new generation   total 4928K, used 4573K [0x23890000, 0x23de0000, 0x28de0000)
  eden space 4416K, 100% used [0x23890000, 0x23ce0000, 0x23ce0000)
  from space 512K,  30% used [0x23ce0000, 0x23d07438, 0x23d60000)
  to   space 512K,   0% used [0x23d60000, 0x23d60000, 0x23de0000)
 tenured generation   total 10944K, used 1489K [0x28de0000, 0x29890000, 0x33890000)
   the space 10944K,  13% used [0x28de0000, 0x28f544a0, 0x28f54600, 0x29890000)
 compacting perm gen  total 12288K, used 2633K [0x33890000, 0x34490000, 0x37890000)
   the space 12288K,  21% used [0x33890000, 0x33b22778, 0x33b22800, 0x34490000)
    ro space 10240K,  42% used [0x37890000, 0x37cd1d60, 0x37cd1e00, 0x38290000)
    rw space 12288K,  54% used [0x38290000, 0x38912928, 0x38912a00, 0x38e90000)
Event: 11.985 GC heap after
Heap after GC invocations=13 (full 0):
 def new generation   total 4928K, used 157K [0x23890000, 0x23de0000, 0x28de0000)
  eden space 4416K,   0% used [0x23890000, 0x23890000, 0x23ce0000)
  from space 512K,  30% used [0x23d60000, 0x23d874e8, 0x23de0000)
  to   space 512K,   0% used [0x23ce0000, 0x23ce0000, 0x23d60000)
 tenured generation   total 10944K, used 1489K [0x28de0000, 0x29890000, 0x33890000)
   the space 10944K,  13% used [0x28de0000, 0x28f544a0, 0x28f54600, 0x29890000)
 compacting perm gen  total 12288K, used 2633K [0x33890000, 0x34490000, 0x37890000)
   the space 12288K,  21% used [0x33890000, 0x33b22778, 0x33b22800, 0x34490000)
    ro space 10240K,  42% used [0x37890000, 0x37cd1d60, 0x37cd1e00, 0x38290000)
    rw space 12288K,  54% used [0x38290000, 0x38912928, 0x38912a00, 0x38e90000)
}

